# JRE version: Java(TM) SE Runtime Environment (8.0_91-b14) (build 1.8.0_91-b14)
# Java VM: Java HotSpot(TM) 64-Bit Server VM (25.91-b14 mixed mode linux-amd64 compressed oops)
Heap:
 PSYoungGen      total 74752K, used 39420K [0x00000000eab00000, 0x00000000efe00000, 0x0000000100000000)
  eden space 64512K, 45% used [0x00000000eab00000,0x00000000ec782b48,0x00000000eea00000)
  from space 10240K, 99% used [0x00000000ef400000,0x00000000efdfc558,0x00000000efe00000)
  to   space 10240K, 93% used [0x00000000eea00000,0x00000000ef3636e0,0x00000000ef400000)
 ParOldGen       total 171008K, used 360K [0x00000000c0000000, 0x00000000ca700000, 0x00000000eab00000)
  object space 171008K, 0% used [0x00000000c0000000,0x00000000c005a2c0,0x00000000ca700000)
 Metaspace       used 20806K, capacity 21158K, committed 21296K, reserved 1067008K
  class space    used 2980K, capacity 3093K, committed 3120K, reserved 1048576K
GC Heap History (5 events):
Event: 1,167 GC heap before
{Heap before GC invocations=1 (full 0):
 PSYoungGen      total 74752K, used 64512K [0x00000000eab00000, 0x00000000efe00000, 0x0000000100000000)
  eden space 64512K, 100% used [0x00000000eab00000,0x00000000eea00000,0x00000000eea00000)
  from space 10240K, 0% used [0x00000000ef400000,0x00000000ef400000,0x00000000efe00000)
  to   space 10240K, 0% used [0x00000000eea00000,0x00000000eea00000,0x00000000ef400000)
 ParOldGen       total 171008K, used 0K [0x00000000c0000000, 0x00000000ca700000, 0x00000000eab00000)
  object space 171008K, 0% used [0x00000000c0000000,0x00000000c0000000,0x00000000ca700000)
 Metaspace       used 9992K, capacity 10254K, committed 10496K, reserved 1058816K
  class space    used 1368K, capacity 1457K, committed 1536K, reserved 1048576K
Event: 1,173 GC heap after
Heap after GC invocations=1 (full 0):
 PSYoungGen      total 74752K, used 7554K [0x00000000eab00000, 0x00000000efe00000, 0x0000000100000000)
  eden space 64512K, 0% used [0x00000000eab00000,0x00000000eab00000,0x00000000eea00000)
  from space 10240K, 73% used [0x00000000eea00000,0x00000000ef1609d0,0x00000000ef400000)
  to   space 10240K, 0% used [0x00000000ef400000,0x00000000ef400000,0x00000000efe00000)
 ParOldGen       total 171008K, used 16K [0x00000000c0000000, 0x00000000ca700000, 0x00000000eab00000)
  object space 171008K, 0% used [0x00000000c0000000,0x00000000c0004000,0x00000000ca700000)
 Metaspace       used 9992K, capacity 10254K, committed 10496K, reserved 1058816K
  class space    used 1368K, capacity 1457K, committed 1536K, reserved 1048576K
}
Event: 1,691 GC heap before
{Heap before GC invocations=2 (full 0):
 PSYoungGen      total 74752K, used 72066K [0x00000000eab00000, 0x00000000efe00000, 0x0000000100000000)
  eden space 64512K, 100% used [0x00000000eab00000,0x00000000eea00000,0x00000000eea00000)
  from space 10240K, 73% used [0x00000000eea00000,0x00000000ef1609d0,0x00000000ef400000)
  to   space 10240K, 0% used [0x00000000ef400000,0x00000000ef400000,0x00000000efe00000)
 ParOldGen       total 171008K, used 16K [0x00000000c0000000, 0x00000000ca700000, 0x00000000eab00000)
  object space 171008K, 0% used [0x00000000c0000000,0x00000000c0004000,0x00000000ca700000)
 Metaspace       used 15805K, capacity 16160K, committed 16384K, reserved 1062912K
  class space    used 2354K, capacity 2516K, committed 2560K, reserved 1048576K
Event: 1,699 GC heap after
Heap after GC invocations=2 (full 0):
 PSYoungGen      total 74752K, used 10225K [0x00000000eab00000, 0x00000000efe00000, 0x0000000100000000)
  eden space 64512K, 0% used [0x00000000eab00000,0x00000000eab00000,0x00000000eea00000)
  from space 10240K, 99% used [0x00000000ef400000,0x00000000efdfc558,0x00000000efe00000)
  to   space 10240K, 0% used [0x00000000eea00000,0x00000000eea00000,0x00000000ef400000)
 ParOldGen       total 171008K, used 352K [0x00000000c0000000, 0x00000000ca700000, 0x00000000eab00000)
  object space 171008K, 0% used [0x00000000c0000000,0x00000000c00582c0,0x00000000ca700000)
 Metaspace       used 15805K, capacity 16160K, committed 16384K, reserved 1062912K
  class space    used 2354K, capacity 2516K, committed 2560K, reserved 1048576K
}
Event: 2,032 GC heap before
{Heap before GC invocations=3 (full 0):
 PSYoungGen      total 74752K, used 39420K [0x00000000eab00000, 0x00000000efe00000, 0x0000000100000000)
  eden space 64512K, 45% used [0x00000000eab00000,0x00000000ec782b48,0x00000000eea00000)
  from space 10240K, 99% used [0x00000000ef400000,0x00000000efdfc558,0x00000000efe00000)
  to   space 10240K, 0% used [0x00000000eea00000,0x00000000eea00000,0x00000000ef400000)
 ParOldGen       total 171008K, used 352K [0x00000000c0000000, 0x00000000ca700000, 0x00000000eab00000)
  object space 171008K, 0% used [0x00000000c0000000,0x00000000c00582c0,0x00000000ca700000)
 Metaspace       used 20806K, capacity 21158K, committed 21296K, reserved 1067008K
  class space    used 2980K, capacity 3093K, committed 3120K, reserved 1048576K

