# JRE version: Java(TM) SE Runtime Environment (8.0_91-b14) (build 1.8.0_91-b14)
# Java VM: Java HotSpot(TM) 64-Bit Server VM (25.91-b14 mixed mode linux-amd64 compressed oops)
Heap:
 PSYoungGen      total 74752K, used 9547K [0x00000000eab00000, 0x00000000f3d00000, 0x0000000100000000)
  eden space 64512K, 0% used [0x00000000eab00000,0x00000000eab00000,0x00000000eea00000)
  from space 10240K, 93% used [0x00000000eea00000,0x00000000ef352cb8,0x00000000ef400000)
  to   space 10240K, 0% used [0x00000000f3300000,0x00000000f3300000,0x00000000f3d00000)
 ParOldGen       total 171008K, used 345K [0x00000000c0000000, 0x00000000ca700000, 0x00000000eab00000)
  object space 171008K, 0% used [0x00000000c0000000,0x00000000c00565a8,0x00000000ca700000)
 Metaspace       used 20807K, capacity 21158K, committed 21296K, reserved 1067008K
  class space    used 2980K, capacity 3093K, committed 3120K, reserved 1048576K
GC Heap History (7 events):
Event: 0,696 GC heap before
{Heap before GC invocations=1 (full 0):
 PSYoungGen      total 74752K, used 64512K [0x00000000eab00000, 0x00000000efe00000, 0x0000000100000000)
  eden space 64512K, 100% used [0x00000000eab00000,0x00000000eea00000,0x00000000eea00000)
  from space 10240K, 0% used [0x00000000ef400000,0x00000000ef400000,0x00000000efe00000)
  to   space 10240K, 0% used [0x00000000eea00000,0x00000000eea00000,0x00000000ef400000)
 ParOldGen       total 171008K, used 0K [0x00000000c0000000, 0x00000000ca700000, 0x00000000eab00000)
  object space 171008K, 0% used [0x00000000c0000000,0x00000000c0000000,0x00000000ca700000)
 Metaspace       used 9980K, capacity 10254K, committed 10496K, reserved 1058816K
  class space    used 1368K, capacity 1457K, committed 1536K, reserved 1048576K
Event: 0,701 GC heap after
Heap after GC invocations=1 (full 0):
 PSYoungGen      total 74752K, used 7483K [0x00000000eab00000, 0x00000000efe00000, 0x0000000100000000)
  eden space 64512K, 0% used [0x00000000eab00000,0x00000000eab00000,0x00000000eea00000)
  from space 10240K, 73% used [0x00000000eea00000,0x00000000ef14ee90,0x00000000ef400000)
  to   space 10240K, 0% used [0x00000000ef400000,0x00000000ef400000,0x00000000efe00000)
 ParOldGen       total 171008K, used 16K [0x00000000c0000000, 0x00000000ca700000, 0x00000000eab00000)
  object space 171008K, 0% used [0x00000000c0000000,0x00000000c0004000,0x00000000ca700000)
 Metaspace       used 9980K, capacity 10254K, committed 10496K, reserved 1058816K
  class space    used 1368K, capacity 1457K, committed 1536K, reserved 1048576K
}
Event: 1,136 GC heap before
{Heap before GC invocations=2 (full 0):
 PSYoungGen      total 74752K, used 71995K [0x00000000eab00000, 0x00000000efe00000, 0x0000000100000000)
  eden space 64512K, 100% used [0x00000000eab00000,0x00000000eea00000,0x00000000eea00000)
  from space 10240K, 73% used [0x00000000eea00000,0x00000000ef14ee90,0x00000000ef400000)
  to   space 10240K, 0% used [0x00000000ef400000,0x00000000ef400000,0x00000000efe00000)
 ParOldGen       total 171008K, used 16K [0x00000000c0000000, 0x00000000ca700000, 0x00000000eab00000)
  object space 171008K, 0% used [0x00000000c0000000,0x00000000c0004000,0x00000000ca700000)
 Metaspace       used 15807K, capacity 16160K, committed 16384K, reserved 1062912K
  class space    used 2353K, capacity 2516K, committed 2560K, reserved 1048576K
Event: 1,146 GC heap after
Heap after GC invocations=2 (full 0):
 PSYoungGen      total 74752K, used 10209K [0x00000000eab00000, 0x00000000f3d00000, 0x0000000100000000)
  eden space 64512K, 0% used [0x00000000eab00000,0x00000000eab00000,0x00000000eea00000)
  from space 10240K, 99% used [0x00000000ef400000,0x00000000efdf8528,0x00000000efe00000)
  to   space 10240K, 0% used [0x00000000eea00000,0x00000000eea00000,0x00000000ef400000)
 ParOldGen       total 171008K, used 337K [0x00000000c0000000, 0x00000000ca700000, 0x00000000eab00000)
  object space 171008K, 0% used [0x00000000c0000000,0x00000000c00545a8,0x00000000ca700000)
 Metaspace       used 15807K, capacity 16160K, committed 16384K, reserved 1062912K
  class space    used 2353K, capacity 2516K, committed 2560K, reserved 1048576K
}
Event: 1,423 GC heap before
{Heap before GC invocations=3 (full 0):
 PSYoungGen      total 74752K, used 39169K [0x00000000eab00000, 0x00000000f3d00000, 0x0000000100000000)
  eden space 64512K, 44% used [0x00000000eab00000,0x00000000ec747f40,0x00000000eea00000)
  from space 10240K, 99% used [0x00000000ef400000,0x00000000efdf8528,0x00000000efe00000)
  to   space 10240K, 0% used [0x00000000eea00000,0x00000000eea00000,0x00000000ef400000)
 ParOldGen       total 171008K, used 337K [0x00000000c0000000, 0x00000000ca700000, 0x00000000eab00000)
  object space 171008K, 0% used [0x00000000c0000000,0x00000000c00545a8,0x00000000ca700000)
 Metaspace       used 20807K, capacity 21158K, committed 21296K, reserved 1067008K
  class space    used 2980K, capacity 3093K, committed 3120K, reserved 1048576K
Event: 1,428 GC heap after
Heap after GC invocations=3 (full 0):
 PSYoungGen      total 74752K, used 9547K [0x00000000eab00000, 0x00000000f3d00000, 0x0000000100000000)
  eden space 64512K, 0% used [0x00000000eab00000,0x00000000eab00000,0x00000000eea00000)
  from space 10240K, 93% used [0x00000000eea00000,0x00000000ef352cb8,0x00000000ef400000)
  to   space 10240K, 0% used [0x00000000f3300000,0x00000000f3300000,0x00000000f3d00000)
 ParOldGen       total 171008K, used 345K [0x00000000c0000000, 0x00000000ca700000, 0x00000000eab00000)
  object space 171008K, 0% used [0x00000000c0000000,0x00000000c00565a8,0x00000000ca700000)
 Metaspace       used 20807K, capacity 21158K, committed 21296K, reserved 1067008K
  class space    used 2980K, capacity 3093K, committed 3120K, reserved 1048576K
}
Event: 1,428 GC heap before
{Heap before GC invocations=4 (full 1):
 PSYoungGen      total 74752K, used 9547K [0x00000000eab00000, 0x00000000f3d00000, 0x0000000100000000)
  eden space 64512K, 0% used [0x00000000eab00000,0x00000000eab00000,0x00000000eea00000)
  from space 10240K, 93% used [0x00000000eea00000,0x00000000ef352cb8,0x00000000ef400000)
  to   space 10240K, 0% used [0x00000000f3300000,0x00000000f3300000,0x00000000f3d00000)
 ParOldGen       total 171008K, used 345K [0x00000000c0000000, 0x00000000ca700000, 0x00000000eab00000)
  object space 171008K, 0% used [0x00000000c0000000,0x00000000c00565a8,0x00000000ca700000)
 Metaspace       used 20807K, capacity 21158K, committed 21296K, reserved 1067008K
  class space    used 2980K, capacity 3093K, committed 3120K, reserved 1048576K

