# JRE version: Java(TM) SE Runtime Environment (8.0_91-b14) (build 1.8.0_91-b14)
# Java VM: Java HotSpot(TM) 64-Bit Server VM (25.91-b14 mixed mode linux-amd64 compressed oops)
Heap:
 PSYoungGen      total 74752K, used 6778K [0x00000000eab00000, 0x00000000f3d00000, 0x0000000100000000)
  eden space 64512K, 10% used [0x00000000eab00000,0x00000000eb19e958,0x00000000eea00000)
  from space 10240K, 0% used [0x00000000eea00000,0x00000000eea00000,0x00000000ef400000)
  to   space 10240K, 0% used [0x00000000f3300000,0x00000000f3300000,0x00000000f3d00000)
 ParOldGen       total 101888K, used 9362K [0x00000000c0000000, 0x00000000c6380000, 0x00000000eab00000)
  object space 101888K, 9% used [0x00000000c0000000,0x00000000c0924b68,0x00000000c6380000)
 Metaspace       used 21662K, capacity 22092K, committed 22320K, reserved 1069056K
  class space    used 3114K, capacity 3255K, committed 3376K, reserved 1048576K
GC Heap History (8 events):
Event: 1,947 GC heap before
{Heap before GC invocations=1 (full 0):
 PSYoungGen      total 74752K, used 64512K [0x00000000eab00000, 0x00000000efe00000, 0x0000000100000000)
  eden space 64512K, 100% used [0x00000000eab00000,0x00000000eea00000,0x00000000eea00000)
  from space 10240K, 0% used [0x00000000ef400000,0x00000000ef400000,0x00000000efe00000)
  to   space 10240K, 0% used [0x00000000eea00000,0x00000000eea00000,0x00000000ef400000)
 ParOldGen       total 171008K, used 0K [0x00000000c0000000, 0x00000000ca700000, 0x00000000eab00000)
  object space 171008K, 0% used [0x00000000c0000000,0x00000000c0000000,0x00000000ca700000)
 Metaspace       used 10022K, capacity 10318K, committed 10496K, reserved 1058816K
  class space    used 1368K, capacity 1457K, committed 1536K, reserved 1048576K
Event: 1,952 GC heap after
Heap after GC invocations=1 (full 0):
 PSYoungGen      total 74752K, used 7513K [0x00000000eab00000, 0x00000000efe00000, 0x0000000100000000)
  eden space 64512K, 0% used [0x00000000eab00000,0x00000000eab00000,0x00000000eea00000)
  from space 10240K, 73% used [0x00000000eea00000,0x00000000ef156520,0x00000000ef400000)
  to   space 10240K, 0% used [0x00000000ef400000,0x00000000ef400000,0x00000000efe00000)
 ParOldGen       total 171008K, used 16K [0x00000000c0000000, 0x00000000ca700000, 0x00000000eab00000)
  object space 171008K, 0% used [0x00000000c0000000,0x00000000c0004000,0x00000000ca700000)
 Metaspace       used 10022K, capacity 10318K, committed 10496K, reserved 1058816K
  class space    used 1368K, capacity 1457K, committed 1536K, reserved 1048576K
}
Event: 2,584 GC heap before
{Heap before GC invocations=2 (full 0):
 PSYoungGen      total 74752K, used 72025K [0x00000000eab00000, 0x00000000efe00000, 0x0000000100000000)
  eden space 64512K, 100% used [0x00000000eab00000,0x00000000eea00000,0x00000000eea00000)
  from space 10240K, 73% used [0x00000000eea00000,0x00000000ef156520,0x00000000ef400000)
  to   space 10240K, 0% used [0x00000000ef400000,0x00000000ef400000,0x00000000efe00000)
 ParOldGen       total 171008K, used 16K [0x00000000c0000000, 0x00000000ca700000, 0x00000000eab00000)
  object space 171008K, 0% used [0x00000000c0000000,0x00000000c0004000,0x00000000ca700000)
 Metaspace       used 15826K, capacity 16160K, committed 16384K, reserved 1062912K
  class space    used 2354K, capacity 2516K, committed 2560K, reserved 1048576K
Event: 2,594 GC heap after
Heap after GC invocations=2 (full 0):
 PSYoungGen      total 74752K, used 10234K [0x00000000eab00000, 0x00000000efe00000, 0x0000000100000000)
  eden space 64512K, 0% used [0x00000000eab00000,0x00000000eab00000,0x00000000eea00000)
  from space 10240K, 99% used [0x00000000ef400000,0x00000000efdfe990,0x00000000efe00000)
  to   space 10240K, 0% used [0x00000000eea00000,0x00000000eea00000,0x00000000ef400000)
 ParOldGen       total 171008K, used 298K [0x00000000c0000000, 0x00000000ca700000, 0x00000000eab00000)
  object space 171008K, 0% used [0x00000000c0000000,0x00000000c004a980,0x00000000ca700000)
 Metaspace       used 15826K, capacity 16160K, committed 16384K, reserved 1062912K
  class space    used 2354K, capacity 2516K, committed 2560K, reserved 1048576K
}
Event: 2,966 GC heap before
{Heap before GC invocations=3 (full 0):
 PSYoungGen      total 74752K, used 39804K [0x00000000eab00000, 0x00000000efe00000, 0x0000000100000000)
  eden space 64512K, 45% used [0x00000000eab00000,0x00000000ec7e0920,0x00000000eea00000)
  from space 10240K, 99% used [0x00000000ef400000,0x00000000efdfe990,0x00000000efe00000)
  to   space 10240K, 0% used [0x00000000eea00000,0x00000000eea00000,0x00000000ef400000)
 ParOldGen       total 171008K, used 298K [0x00000000c0000000, 0x00000000ca700000, 0x00000000eab00000)
  object space 171008K, 0% used [0x00000000c0000000,0x00000000c004a980,0x00000000ca700000)
 Metaspace       used 20870K, capacity 21158K, committed 21296K, reserved 1067008K
  class space    used 2991K, capacity 3093K, committed 3120K, reserved 1048576K
Event: 2,971 GC heap after
Heap after GC invocations=3 (full 0):
 PSYoungGen      total 74752K, used 9573K [0x00000000eab00000, 0x00000000f3d00000, 0x0000000100000000)
  eden space 64512K, 0% used [0x00000000eab00000,0x00000000eab00000,0x00000000eea00000)
  from space 10240K, 93% used [0x00000000eea00000,0x00000000ef3594d0,0x00000000ef400000)
  to   space 10240K, 0% used [0x00000000f3300000,0x00000000f3300000,0x00000000f3d00000)
 ParOldGen       total 171008K, used 306K [0x00000000c0000000, 0x00000000ca700000, 0x00000000eab00000)
  object space 171008K, 0% used [0x00000000c0000000,0x00000000c004c980,0x00000000ca700000)
 Metaspace       used 20870K, capacity 21158K, committed 21296K, reserved 1067008K
  class space    used 2991K, capacity 3093K, committed 3120K, reserved 1048576K
}
Event: 2,971 GC heap before
{Heap before GC invocations=4 (full 1):
 PSYoungGen      total 74752K, used 9573K [0x00000000eab00000, 0x00000000f3d00000, 0x0000000100000000)
  eden space 64512K, 0% used [0x00000000eab00000,0x00000000eab00000,0x00000000eea00000)
  from space 10240K, 93% used [0x00000000eea00000,0x00000000ef3594d0,0x00000000ef400000)
  to   space 10240K, 0% used [0x00000000f3300000,0x00000000f3300000,0x00000000f3d00000)
 ParOldGen       total 171008K, used 306K [0x00000000c0000000, 0x00000000ca700000, 0x00000000eab00000)
  object space 171008K, 0% used [0x00000000c0000000,0x00000000c004c980,0x00000000ca700000)
 Metaspace       used 20870K, capacity 21158K, committed 21296K, reserved 1067008K
  class space    used 2991K, capacity 3093K, committed 3120K, reserved 1048576K
Event: 2,994 GC heap after
Heap after GC invocations=4 (full 1):
 PSYoungGen      total 74752K, used 0K [0x00000000eab00000, 0x00000000f3d00000, 0x0000000100000000)
  eden space 64512K, 0% used [0x00000000eab00000,0x00000000eab00000,0x00000000eea00000)
  from space 10240K, 0% used [0x00000000eea00000,0x00000000eea00000,0x00000000ef400000)
  to   space 10240K, 0% used [0x00000000f3300000,0x00000000f3300000,0x00000000f3d00000)
 ParOldGen       total 101888K, used 9362K [0x00000000c0000000, 0x00000000c6380000, 0x00000000eab00000)
  object space 101888K, 9% used [0x00000000c0000000,0x00000000c0924b68,0x00000000c6380000)
 Metaspace       used 20870K, capacity 21158K, committed 21296K, reserved 1067008K
  class space    used 2991K, capacity 3093K, committed 3120K, reserved 1048576K
}

